srun: job 45862135 queued and waiting for resources
srun: job 45862135 has been allocated resources
Fitting 3 folds for each of 1 candidates, totalling 3 fits
Namespace(estimator='GradBoost', feature_path='/project/biocomplexity/fungcat/jsporter/platform_prediction/data/train/3class.63_files.01012022.shuf.features', folds=3, iterations=8, mode='train', model_path='/project/biocomplexity/fungcat/jsporter/platform_prediction/models/bottom_level/mark_2/GradBoostShort/', processes=3, response_path='/project/biocomplexity/fungcat/jsporter/platform_prediction/data/train/3class.63_files.01012022.shuf.labels', verbose=10)
[Parallel(n_jobs=3)]: Using backend LokyBackend with 3 concurrent workers.
Fitting 3 folds for each of 1 candidates, totalling 3 fits
Namespace(estimator='GradBoost', feature_path='/project/biocomplexity/fungcat/jsporter/platform_prediction/data/train/3class.63_files.01012022.shuf.features', folds=3, iterations=8, mode='train', model_path='/project/biocomplexity/fungcat/jsporter/platform_prediction/models/bottom_level/mark_2/GradBoostShort/', processes=3, response_path='/project/biocomplexity/fungcat/jsporter/platform_prediction/data/train/3class.63_files.01012022.shuf.labels', verbose=10)
[Parallel(n_jobs=3)]: Using backend LokyBackend with 3 concurrent workers.
Fitting 3 folds for each of 1 candidates, totalling 3 fits
Namespace(estimator='GradBoost', feature_path='/project/biocomplexity/fungcat/jsporter/platform_prediction/data/train/3class.63_files.01012022.shuf.features', folds=3, iterations=8, mode='train', model_path='/project/biocomplexity/fungcat/jsporter/platform_prediction/models/bottom_level/mark_2/GradBoostShort/', processes=3, response_path='/project/biocomplexity/fungcat/jsporter/platform_prediction/data/train/3class.63_files.01012022.shuf.labels', verbose=10)
[Parallel(n_jobs=3)]: Using backend LokyBackend with 3 concurrent workers.
[Parallel(n_jobs=3)]: Done   3 out of   3 | elapsed:  1.4min remaining:    0.0s
[Parallel(n_jobs=3)]: Done   3 out of   3 | elapsed:  1.4min finished
[Parallel(n_jobs=3)]: Using backend LokyBackend with 3 concurrent workers.
[Parallel(n_jobs=3)]: Done   3 out of   3 | elapsed:  1.4min remaining:    0.0s
[Parallel(n_jobs=3)]: Done   3 out of   3 | elapsed:  1.4min finished
[Parallel(n_jobs=3)]: Using backend LokyBackend with 3 concurrent workers.
[Parallel(n_jobs=3)]: Done   3 out of   3 | elapsed:  1.7min remaining:    0.0s
[Parallel(n_jobs=3)]: Done   3 out of   3 | elapsed:  1.7min finished
[Parallel(n_jobs=3)]: Using backend LokyBackend with 3 concurrent workers.
[Parallel(n_jobs=3)]: Done   3 out of   3 | elapsed:  3.8min remaining:    0.0s
[Parallel(n_jobs=3)]: Done   3 out of   3 | elapsed:  3.8min finished
[Parallel(n_jobs=3)]: Using backend LokyBackend with 3 concurrent workers.
[Parallel(n_jobs=3)]: Done   3 out of   3 | elapsed:  3.6min remaining:    0.0s
[Parallel(n_jobs=3)]: Done   3 out of   3 | elapsed:  3.6min finished
[Parallel(n_jobs=3)]: Using backend LokyBackend with 3 concurrent workers.
[Parallel(n_jobs=3)]: Done   3 out of   3 | elapsed:   41.8s remaining:    0.0s
[Parallel(n_jobs=3)]: Done   3 out of   3 | elapsed:   41.8s finished
[Parallel(n_jobs=3)]: Using backend LokyBackend with 3 concurrent workers.
[Parallel(n_jobs=3)]: Done   3 out of   3 | elapsed: 17.5min remaining:    0.0s
[Parallel(n_jobs=3)]: Done   3 out of   3 | elapsed: 17.5min finished
[Parallel(n_jobs=3)]: Using backend LokyBackend with 3 concurrent workers.
[Parallel(n_jobs=3)]: Done   3 out of   3 | elapsed:  1.0min remaining:    0.0s
[Parallel(n_jobs=3)]: Done   3 out of   3 | elapsed:  1.0min finished
/home/jsp4cu/anaconda3/envs/platform/lib/python3.7/site-packages/sklearn/utils/validation.py:179: DeprecationWarning: distutils Version classes are deprecated. Use packaging.version instead.
  if LooseVersion(joblib_version) < '0.12':
The best score: 0.8340857142857143
The best parameters: OrderedDict([('gradboost__criterion', 'mse'), ('gradboost__max_depth', 21), ('gradboost__max_features', 0.5147339505559103), ('gradboost__min_samples_leaf', 0.006205655212629631), ('gradboost__min_samples_split', 0.0317836980038661), ('gradboost__n_estimators', 57)])
The process took time: 0:33:04.297172
Fitting 3 folds for each of 1 candidates, totalling 3 fits
Fitting 3 folds for each of 1 candidates, totalling 3 fits
Fitting 3 folds for each of 1 candidates, totalling 3 fits
Fitting 3 folds for each of 1 candidates, totalling 3 fits
Fitting 3 folds for each of 1 candidates, totalling 3 fits
Fitting 3 folds for each of 1 candidates, totalling 3 fits
Fitting 3 folds for each of 1 candidates, totalling 3 fits
[CV] gradboost__criterion=friedman_mse, gradboost__max_depth=6, gradboost__max_features=0.4261892671965888, gradboost__min_samples_leaf=0.12879821839735855, gradboost__min_samples_split=2.5926674507172654e-10, gradboost__n_estimators=102 
[CV]  gradboost__criterion=friedman_mse, gradboost__max_depth=6, gradboost__max_features=0.4261892671965888, gradboost__min_samples_leaf=0.12879821839735855, gradboost__min_samples_split=2.5926674507172654e-10, gradboost__n_estimators=102, score=0.798, total= 1.4min
[CV] gradboost__criterion=mse, gradboost__max_depth=8, gradboost__max_features=0.06379186400075725, gradboost__min_samples_leaf=4.9670017550408186e-08, gradboost__min_samples_split=1.4919994454035618e-10, gradboost__n_estimators=106 
[CV]  gradboost__criterion=mse, gradboost__max_depth=8, gradboost__max_features=0.06379186400075725, gradboost__min_samples_leaf=4.9670017550408186e-08, gradboost__min_samples_split=1.4919994454035618e-10, gradboost__n_estimators=106, score=0.825, total= 1.4min
[CV] gradboost__criterion=friedman_mse, gradboost__max_depth=14, gradboost__max_features=0.13691134089883478, gradboost__min_samples_leaf=0.043031415746092164, gradboost__min_samples_split=0.001001879018472066, gradboost__n_estimators=137 
[CV]  gradboost__criterion=friedman_mse, gradboost__max_depth=14, gradboost__max_features=0.13691134089883478, gradboost__min_samples_leaf=0.043031415746092164, gradboost__min_samples_split=0.001001879018472066, gradboost__n_estimators=137, score=0.827, total= 1.7min
[CV] gradboost__criterion=friedman_mse, gradboost__max_depth=6, gradboost__max_features=0.6278066432634186, gradboost__min_samples_leaf=1.1003817206699454e-10, gradboost__min_samples_split=3.5924051810772657e-06, gradboost__n_estimators=86 
[CV]  gradboost__criterion=friedman_mse, gradboost__max_depth=6, gradboost__max_features=0.6278066432634186, gradboost__min_samples_leaf=1.1003817206699454e-10, gradboost__min_samples_split=3.5924051810772657e-06, gradboost__n_estimators=86, score=0.829, total= 3.8min
[CV] gradboost__criterion=mse, gradboost__max_depth=21, gradboost__max_features=0.5147339505559103, gradboost__min_samples_leaf=0.006205655212629631, gradboost__min_samples_split=0.0317836980038661, gradboost__n_estimators=57 
[CV]  gradboost__criterion=mse, gradboost__max_depth=21, gradboost__max_features=0.5147339505559103, gradboost__min_samples_leaf=0.006205655212629631, gradboost__min_samples_split=0.0317836980038661, gradboost__n_estimators=57, score=0.833, total= 3.5min
[CV] gradboost__criterion=friedman_mse, gradboost__max_depth=19, gradboost__max_features=0.7125698225987448, gradboost__min_samples_leaf=8.168046051824499e-05, gradboost__min_samples_split=0.7557413200489626, gradboost__n_estimators=67 
[CV]  gradboost__criterion=friedman_mse, gradboost__max_depth=19, gradboost__max_features=0.7125698225987448, gradboost__min_samples_leaf=8.168046051824499e-05, gradboost__min_samples_split=0.7557413200489626, gradboost__n_estimators=67, score=0.774, total=  40.9s
[CV] gradboost__criterion=mse, gradboost__max_depth=11, gradboost__max_features=0.7758305263257866, gradboost__min_samples_leaf=4.308726085247121e-07, gradboost__min_samples_split=4.0996526584142546e-12, gradboost__n_estimators=81 
[CV]  gradboost__criterion=mse, gradboost__max_depth=11, gradboost__max_features=0.7758305263257866, gradboost__min_samples_leaf=4.308726085247121e-07, gradboost__min_samples_split=4.0996526584142546e-12, gradboost__n_estimators=81, score=0.811, total=17.4min
[CV] gradboost__criterion=mse, gradboost__max_depth=4, gradboost__max_features=0.4025581168815272, gradboost__min_samples_leaf=1.914270560015996e-07, gradboost__min_samples_split=0.0065924988656862055, gradboost__n_estimators=60 
[CV]  gradboost__criterion=mse, gradboost__max_depth=4, gradboost__max_features=0.4025581168815272, gradboost__min_samples_leaf=1.914270560015996e-07, gradboost__min_samples_split=0.0065924988656862055, gradboost__n_estimators=60, score=0.826, total= 1.0min
[CV] gradboost__criterion=friedman_mse, gradboost__max_depth=6, gradboost__max_features=0.4261892671965888, gradboost__min_samples_leaf=0.12879821839735855, gradboost__min_samples_split=2.5926674507172654e-10, gradboost__n_estimators=102 
[CV]  gradboost__criterion=friedman_mse, gradboost__max_depth=6, gradboost__max_features=0.4261892671965888, gradboost__min_samples_leaf=0.12879821839735855, gradboost__min_samples_split=2.5926674507172654e-10, gradboost__n_estimators=102, score=0.796, total= 1.4min
[CV] gradboost__criterion=mse, gradboost__max_depth=8, gradboost__max_features=0.06379186400075725, gradboost__min_samples_leaf=4.9670017550408186e-08, gradboost__min_samples_split=1.4919994454035618e-10, gradboost__n_estimators=106 
[CV]  gradboost__criterion=mse, gradboost__max_depth=8, gradboost__max_features=0.06379186400075725, gradboost__min_samples_leaf=4.9670017550408186e-08, gradboost__min_samples_split=1.4919994454035618e-10, gradboost__n_estimators=106, score=0.826, total= 1.4min
[CV] gradboost__criterion=friedman_mse, gradboost__max_depth=14, gradboost__max_features=0.13691134089883478, gradboost__min_samples_leaf=0.043031415746092164, gradboost__min_samples_split=0.001001879018472066, gradboost__n_estimators=137 
[CV]  gradboost__criterion=friedman_mse, gradboost__max_depth=14, gradboost__max_features=0.13691134089883478, gradboost__min_samples_leaf=0.043031415746092164, gradboost__min_samples_split=0.001001879018472066, gradboost__n_estimators=137, score=0.829, total= 1.7min
[CV] gradboost__criterion=friedman_mse, gradboost__max_depth=6, gradboost__max_features=0.6278066432634186, gradboost__min_samples_leaf=1.1003817206699454e-10, gradboost__min_samples_split=3.5924051810772657e-06, gradboost__n_estimators=86 
[CV]  gradboost__criterion=friedman_mse, gradboost__max_depth=6, gradboost__max_features=0.6278066432634186, gradboost__min_samples_leaf=1.1003817206699454e-10, gradboost__min_samples_split=3.5924051810772657e-06, gradboost__n_estimators=86, score=0.830, total= 3.8min
[CV] gradboost__criterion=mse, gradboost__max_depth=21, gradboost__max_features=0.5147339505559103, gradboost__min_samples_leaf=0.006205655212629631, gradboost__min_samples_split=0.0317836980038661, gradboost__n_estimators=57 
[CV]  gradboost__criterion=mse, gradboost__max_depth=21, gradboost__max_features=0.5147339505559103, gradboost__min_samples_leaf=0.006205655212629631, gradboost__min_samples_split=0.0317836980038661, gradboost__n_estimators=57, score=0.835, total= 3.6min
[CV] gradboost__criterion=friedman_mse, gradboost__max_depth=19, gradboost__max_features=0.7125698225987448, gradboost__min_samples_leaf=8.168046051824499e-05, gradboost__min_samples_split=0.7557413200489626, gradboost__n_estimators=67 
[CV]  gradboost__criterion=friedman_mse, gradboost__max_depth=19, gradboost__max_features=0.7125698225987448, gradboost__min_samples_leaf=8.168046051824499e-05, gradboost__min_samples_split=0.7557413200489626, gradboost__n_estimators=67, score=0.777, total=  41.7s
[CV] gradboost__criterion=mse, gradboost__max_depth=11, gradboost__max_features=0.7758305263257866, gradboost__min_samples_leaf=4.308726085247121e-07, gradboost__min_samples_split=4.0996526584142546e-12, gradboost__n_estimators=81 
[CV]  gradboost__criterion=mse, gradboost__max_depth=11, gradboost__max_features=0.7758305263257866, gradboost__min_samples_leaf=4.308726085247121e-07, gradboost__min_samples_split=4.0996526584142546e-12, gradboost__n_estimators=81, score=0.809, total=17.3min
[CV] gradboost__criterion=mse, gradboost__max_depth=4, gradboost__max_features=0.4025581168815272, gradboost__min_samples_leaf=1.914270560015996e-07, gradboost__min_samples_split=0.0065924988656862055, gradboost__n_estimators=60 
[CV]  gradboost__criterion=mse, gradboost__max_depth=4, gradboost__max_features=0.4025581168815272, gradboost__min_samples_leaf=1.914270560015996e-07, gradboost__min_samples_split=0.0065924988656862055, gradboost__n_estimators=60, score=0.821, total= 1.0min
[CV] gradboost__criterion=friedman_mse, gradboost__max_depth=6, gradboost__max_features=0.4261892671965888, gradboost__min_samples_leaf=0.12879821839735855, gradboost__min_samples_split=2.5926674507172654e-10, gradboost__n_estimators=102 
[CV]  gradboost__criterion=friedman_mse, gradboost__max_depth=6, gradboost__max_features=0.4261892671965888, gradboost__min_samples_leaf=0.12879821839735855, gradboost__min_samples_split=2.5926674507172654e-10, gradboost__n_estimators=102, score=0.802, total= 1.4min
[CV] gradboost__criterion=mse, gradboost__max_depth=8, gradboost__max_features=0.06379186400075725, gradboost__min_samples_leaf=4.9670017550408186e-08, gradboost__min_samples_split=1.4919994454035618e-10, gradboost__n_estimators=106 
[CV]  gradboost__criterion=mse, gradboost__max_depth=8, gradboost__max_features=0.06379186400075725, gradboost__min_samples_leaf=4.9670017550408186e-08, gradboost__min_samples_split=1.4919994454035618e-10, gradboost__n_estimators=106, score=0.824, total= 1.4min
[CV] gradboost__criterion=friedman_mse, gradboost__max_depth=14, gradboost__max_features=0.13691134089883478, gradboost__min_samples_leaf=0.043031415746092164, gradboost__min_samples_split=0.001001879018472066, gradboost__n_estimators=137 
[CV]  gradboost__criterion=friedman_mse, gradboost__max_depth=14, gradboost__max_features=0.13691134089883478, gradboost__min_samples_leaf=0.043031415746092164, gradboost__min_samples_split=0.001001879018472066, gradboost__n_estimators=137, score=0.827, total= 1.7min
[CV] gradboost__criterion=friedman_mse, gradboost__max_depth=6, gradboost__max_features=0.6278066432634186, gradboost__min_samples_leaf=1.1003817206699454e-10, gradboost__min_samples_split=3.5924051810772657e-06, gradboost__n_estimators=86 
[CV]  gradboost__criterion=friedman_mse, gradboost__max_depth=6, gradboost__max_features=0.6278066432634186, gradboost__min_samples_leaf=1.1003817206699454e-10, gradboost__min_samples_split=3.5924051810772657e-06, gradboost__n_estimators=86, score=0.831, total= 3.8min
[CV] gradboost__criterion=mse, gradboost__max_depth=21, gradboost__max_features=0.5147339505559103, gradboost__min_samples_leaf=0.006205655212629631, gradboost__min_samples_split=0.0317836980038661, gradboost__n_estimators=57 
[CV]  gradboost__criterion=mse, gradboost__max_depth=21, gradboost__max_features=0.5147339505559103, gradboost__min_samples_leaf=0.006205655212629631, gradboost__min_samples_split=0.0317836980038661, gradboost__n_estimators=57, score=0.833, total= 3.5min
[CV] gradboost__criterion=friedman_mse, gradboost__max_depth=19, gradboost__max_features=0.7125698225987448, gradboost__min_samples_leaf=8.168046051824499e-05, gradboost__min_samples_split=0.7557413200489626, gradboost__n_estimators=67 
[CV]  gradboost__criterion=friedman_mse, gradboost__max_depth=19, gradboost__max_features=0.7125698225987448, gradboost__min_samples_leaf=8.168046051824499e-05, gradboost__min_samples_split=0.7557413200489626, gradboost__n_estimators=67, score=0.780, total=  41.6s
[CV] gradboost__criterion=mse, gradboost__max_depth=11, gradboost__max_features=0.7758305263257866, gradboost__min_samples_leaf=4.308726085247121e-07, gradboost__min_samples_split=4.0996526584142546e-12, gradboost__n_estimators=81 
[CV]  gradboost__criterion=mse, gradboost__max_depth=11, gradboost__max_features=0.7758305263257866, gradboost__min_samples_leaf=4.308726085247121e-07, gradboost__min_samples_split=4.0996526584142546e-12, gradboost__n_estimators=81, score=0.810, total=17.5min
[CV] gradboost__criterion=mse, gradboost__max_depth=4, gradboost__max_features=0.4025581168815272, gradboost__min_samples_leaf=1.914270560015996e-07, gradboost__min_samples_split=0.0065924988656862055, gradboost__n_estimators=60 
[CV]  gradboost__criterion=mse, gradboost__max_depth=4, gradboost__max_features=0.4025581168815272, gradboost__min_samples_leaf=1.914270560015996e-07, gradboost__min_samples_split=0.0065924988656862055, gradboost__n_estimators=60, score=0.822, total= 1.0min
/home/jsp4cu/anaconda3/envs/platform/lib/python3.7/site-packages/sklearn/utils/validation.py:179: DeprecationWarning: distutils Version classes are deprecated. Use packaging.version instead.
  if LooseVersion(joblib_version) < '0.12':
/home/jsp4cu/anaconda3/envs/platform/lib/python3.7/site-packages/sklearn/utils/validation.py:179: DeprecationWarning: distutils Version classes are deprecated. Use packaging.version instead.
  if LooseVersion(joblib_version) < '0.12':
/home/jsp4cu/anaconda3/envs/platform/lib/python3.7/site-packages/sklearn/utils/validation.py:179: DeprecationWarning: distutils Version classes are deprecated. Use packaging.version instead.
  if LooseVersion(joblib_version) < '0.12':
/home/jsp4cu/anaconda3/envs/platform/lib/python3.7/site-packages/sklearn/utils/validation.py:179: DeprecationWarning: distutils Version classes are deprecated. Use packaging.version instead.
  if LooseVersion(joblib_version) < '0.12':
/home/jsp4cu/anaconda3/envs/platform/lib/python3.7/site-packages/sklearn/utils/validation.py:179: DeprecationWarning: distutils Version classes are deprecated. Use packaging.version instead.
  if LooseVersion(joblib_version) < '0.12':
/home/jsp4cu/anaconda3/envs/platform/lib/python3.7/site-packages/sklearn/utils/validation.py:179: DeprecationWarning: distutils Version classes are deprecated. Use packaging.version instead.
  if LooseVersion(joblib_version) < '0.12':
/home/jsp4cu/anaconda3/envs/platform/lib/python3.7/site-packages/sklearn/utils/validation.py:179: DeprecationWarning: distutils Version classes are deprecated. Use packaging.version instead.
  if LooseVersion(joblib_version) < '0.12':
/home/jsp4cu/anaconda3/envs/platform/lib/python3.7/site-packages/sklearn/utils/validation.py:179: DeprecationWarning: distutils Version classes are deprecated. Use packaging.version instead.
  if LooseVersion(joblib_version) < '0.12':
/home/jsp4cu/anaconda3/envs/platform/lib/python3.7/site-packages/sklearn/utils/validation.py:179: DeprecationWarning: distutils Version classes are deprecated. Use packaging.version instead.
  if LooseVersion(joblib_version) < '0.12':
/home/jsp4cu/anaconda3/envs/platform/lib/python3.7/site-packages/sklearn/utils/validation.py:179: DeprecationWarning: distutils Version classes are deprecated. Use packaging.version instead.
  if LooseVersion(joblib_version) < '0.12':
/home/jsp4cu/anaconda3/envs/platform/lib/python3.7/site-packages/sklearn/utils/validation.py:179: DeprecationWarning: distutils Version classes are deprecated. Use packaging.version instead.
  if LooseVersion(joblib_version) < '0.12':
/home/jsp4cu/anaconda3/envs/platform/lib/python3.7/site-packages/sklearn/utils/validation.py:179: DeprecationWarning: distutils Version classes are deprecated. Use packaging.version instead.
  if LooseVersion(joblib_version) < '0.12':
/home/jsp4cu/anaconda3/envs/platform/lib/python3.7/site-packages/sklearn/utils/validation.py:179: DeprecationWarning: distutils Version classes are deprecated. Use packaging.version instead.
  if LooseVersion(joblib_version) < '0.12':
/home/jsp4cu/anaconda3/envs/platform/lib/python3.7/site-packages/sklearn/utils/validation.py:179: DeprecationWarning: distutils Version classes are deprecated. Use packaging.version instead.
  if LooseVersion(joblib_version) < '0.12':
/home/jsp4cu/anaconda3/envs/platform/lib/python3.7/site-packages/sklearn/utils/validation.py:179: DeprecationWarning: distutils Version classes are deprecated. Use packaging.version instead.
  if LooseVersion(joblib_version) < '0.12':
/home/jsp4cu/anaconda3/envs/platform/lib/python3.7/site-packages/sklearn/utils/validation.py:179: DeprecationWarning: distutils Version classes are deprecated. Use packaging.version instead.
  if LooseVersion(joblib_version) < '0.12':
/home/jsp4cu/anaconda3/envs/platform/lib/python3.7/site-packages/sklearn/utils/validation.py:179: DeprecationWarning: distutils Version classes are deprecated. Use packaging.version instead.
  if LooseVersion(joblib_version) < '0.12':
/home/jsp4cu/anaconda3/envs/platform/lib/python3.7/site-packages/sklearn/utils/validation.py:179: DeprecationWarning: distutils Version classes are deprecated. Use packaging.version instead.
  if LooseVersion(joblib_version) < '0.12':
/home/jsp4cu/anaconda3/envs/platform/lib/python3.7/site-packages/sklearn/utils/validation.py:179: DeprecationWarning: distutils Version classes are deprecated. Use packaging.version instead.
  if LooseVersion(joblib_version) < '0.12':
/home/jsp4cu/anaconda3/envs/platform/lib/python3.7/site-packages/sklearn/utils/validation.py:179: DeprecationWarning: distutils Version classes are deprecated. Use packaging.version instead.
  if LooseVersion(joblib_version) < '0.12':
/home/jsp4cu/anaconda3/envs/platform/lib/python3.7/site-packages/sklearn/utils/validation.py:179: DeprecationWarning: distutils Version classes are deprecated. Use packaging.version instead.
  if LooseVersion(joblib_version) < '0.12':
/home/jsp4cu/anaconda3/envs/platform/lib/python3.7/site-packages/sklearn/utils/validation.py:179: DeprecationWarning: distutils Version classes are deprecated. Use packaging.version instead.
  if LooseVersion(joblib_version) < '0.12':
/home/jsp4cu/anaconda3/envs/platform/lib/python3.7/site-packages/sklearn/utils/validation.py:179: DeprecationWarning: distutils Version classes are deprecated. Use packaging.version instead.
  if LooseVersion(joblib_version) < '0.12':
/home/jsp4cu/anaconda3/envs/platform/lib/python3.7/site-packages/sklearn/utils/validation.py:179: DeprecationWarning: distutils Version classes are deprecated. Use packaging.version instead.
  if LooseVersion(joblib_version) < '0.12':
srun: First task exited 120s ago
srun: StepId=45862135.0 tasks 1-2: running
srun: StepId=45862135.0 task 0: exited
srun: launch/slurm: _step_signal: Terminating StepId=45862135.0
srun: Job step aborted: Waiting up to 32 seconds for job step to finish.
slurmstepd: error: *** STEP 45862135.0 ON udc-aj36-1c1 CANCELLED AT 2023-01-01T21:50:43 ***
srun: error: udc-aj36-1c1: tasks 1-2: Killed
srun: launch/slurm: _step_signal: Terminating StepId=45862135.0
