srun: job 45862095 queued and waiting for resources
srun: job 45862095 has been allocated resources
Namespace(estimator='AdaBoostTree', feature_path='/project/biocomplexity/fungcat/jsporter/platform_prediction/data/train/3class.63_files.01012022.shuf.features', folds=3, iterations=25, mode='train', model_path='/project/biocomplexity/fungcat/jsporter/platform_prediction/models/bottom_level/mark_2/AdaBoostTree/', processes=1, response_path='/project/biocomplexity/fungcat/jsporter/platform_prediction/data/train/3class.63_files.01012022.shuf.labels', verbose=10)
[Parallel(n_jobs=1)]: Using backend SequentialBackend with 1 concurrent workers.
/home/jsp4cu/anaconda3/envs/platform/lib/python3.7/site-packages/sklearn/utils/validation.py:179: DeprecationWarning: distutils Version classes are deprecated. Use packaging.version instead.
  if LooseVersion(joblib_version) < '0.12':
[Parallel(n_jobs=1)]: Done   1 out of   1 | elapsed:    8.1s remaining:    0.0s
/home/jsp4cu/anaconda3/envs/platform/lib/python3.7/site-packages/sklearn/utils/validation.py:179: DeprecationWarning: distutils Version classes are deprecated. Use packaging.version instead.
  if LooseVersion(joblib_version) < '0.12':
[Parallel(n_jobs=1)]: Done   2 out of   2 | elapsed:   16.7s remaining:    0.0s
/home/jsp4cu/anaconda3/envs/platform/lib/python3.7/site-packages/sklearn/utils/validation.py:179: DeprecationWarning: distutils Version classes are deprecated. Use packaging.version instead.
  if LooseVersion(joblib_version) < '0.12':
[Parallel(n_jobs=1)]: Done   3 out of   3 | elapsed:   25.6s remaining:    0.0s
[Parallel(n_jobs=1)]: Done   3 out of   3 | elapsed:   25.6s finished
[Parallel(n_jobs=1)]: Using backend SequentialBackend with 1 concurrent workers.
/home/jsp4cu/anaconda3/envs/platform/lib/python3.7/site-packages/sklearn/utils/validation.py:179: DeprecationWarning: distutils Version classes are deprecated. Use packaging.version instead.
  if LooseVersion(joblib_version) < '0.12':
[Parallel(n_jobs=1)]: Done   1 out of   1 | elapsed:    2.8s remaining:    0.0s
/home/jsp4cu/anaconda3/envs/platform/lib/python3.7/site-packages/sklearn/utils/validation.py:179: DeprecationWarning: distutils Version classes are deprecated. Use packaging.version instead.
  if LooseVersion(joblib_version) < '0.12':
[Parallel(n_jobs=1)]: Done   2 out of   2 | elapsed:    5.6s remaining:    0.0s
/home/jsp4cu/anaconda3/envs/platform/lib/python3.7/site-packages/sklearn/utils/validation.py:179: DeprecationWarning: distutils Version classes are deprecated. Use packaging.version instead.
  if LooseVersion(joblib_version) < '0.12':
[Parallel(n_jobs=1)]: Done   3 out of   3 | elapsed:    8.5s remaining:    0.0s
[Parallel(n_jobs=1)]: Done   3 out of   3 | elapsed:    8.5s finished
[Parallel(n_jobs=1)]: Using backend SequentialBackend with 1 concurrent workers.
/home/jsp4cu/anaconda3/envs/platform/lib/python3.7/site-packages/sklearn/utils/validation.py:179: DeprecationWarning: distutils Version classes are deprecated. Use packaging.version instead.
  if LooseVersion(joblib_version) < '0.12':
[Parallel(n_jobs=1)]: Done   1 out of   1 | elapsed:   22.9s remaining:    0.0s
/home/jsp4cu/anaconda3/envs/platform/lib/python3.7/site-packages/sklearn/utils/validation.py:179: DeprecationWarning: distutils Version classes are deprecated. Use packaging.version instead.
  if LooseVersion(joblib_version) < '0.12':
[Parallel(n_jobs=1)]: Done   2 out of   2 | elapsed:   44.9s remaining:    0.0s
/home/jsp4cu/anaconda3/envs/platform/lib/python3.7/site-packages/sklearn/utils/validation.py:179: DeprecationWarning: distutils Version classes are deprecated. Use packaging.version instead.
  if LooseVersion(joblib_version) < '0.12':
[Parallel(n_jobs=1)]: Done   3 out of   3 | elapsed:  1.1min remaining:    0.0s
[Parallel(n_jobs=1)]: Done   3 out of   3 | elapsed:  1.1min finished
[Parallel(n_jobs=1)]: Using backend SequentialBackend with 1 concurrent workers.
/home/jsp4cu/anaconda3/envs/platform/lib/python3.7/site-packages/sklearn/utils/validation.py:179: DeprecationWarning: distutils Version classes are deprecated. Use packaging.version instead.
  if LooseVersion(joblib_version) < '0.12':
[Parallel(n_jobs=1)]: Done   1 out of   1 | elapsed:    8.6s remaining:    0.0s
/home/jsp4cu/anaconda3/envs/platform/lib/python3.7/site-packages/sklearn/utils/validation.py:179: DeprecationWarning: distutils Version classes are deprecated. Use packaging.version instead.
  if LooseVersion(joblib_version) < '0.12':
[Parallel(n_jobs=1)]: Done   2 out of   2 | elapsed:   17.2s remaining:    0.0s
/home/jsp4cu/anaconda3/envs/platform/lib/python3.7/site-packages/sklearn/utils/validation.py:179: DeprecationWarning: distutils Version classes are deprecated. Use packaging.version instead.
  if LooseVersion(joblib_version) < '0.12':
[Parallel(n_jobs=1)]: Done   3 out of   3 | elapsed:   26.0s remaining:    0.0s
[Parallel(n_jobs=1)]: Done   3 out of   3 | elapsed:   26.0s finished
[Parallel(n_jobs=1)]: Using backend SequentialBackend with 1 concurrent workers.
/home/jsp4cu/anaconda3/envs/platform/lib/python3.7/site-packages/sklearn/utils/validation.py:179: DeprecationWarning: distutils Version classes are deprecated. Use packaging.version instead.
  if LooseVersion(joblib_version) < '0.12':
[Parallel(n_jobs=1)]: Done   1 out of   1 | elapsed:    4.8s remaining:    0.0s
/home/jsp4cu/anaconda3/envs/platform/lib/python3.7/site-packages/sklearn/utils/validation.py:179: DeprecationWarning: distutils Version classes are deprecated. Use packaging.version instead.
  if LooseVersion(joblib_version) < '0.12':
[Parallel(n_jobs=1)]: Done   2 out of   2 | elapsed:    9.4s remaining:    0.0s
/home/jsp4cu/anaconda3/envs/platform/lib/python3.7/site-packages/sklearn/utils/validation.py:179: DeprecationWarning: distutils Version classes are deprecated. Use packaging.version instead.
  if LooseVersion(joblib_version) < '0.12':
[Parallel(n_jobs=1)]: Done   3 out of   3 | elapsed:   14.1s remaining:    0.0s
[Parallel(n_jobs=1)]: Done   3 out of   3 | elapsed:   14.1s finished
[Parallel(n_jobs=1)]: Using backend SequentialBackend with 1 concurrent workers.
/home/jsp4cu/anaconda3/envs/platform/lib/python3.7/site-packages/sklearn/utils/validation.py:179: DeprecationWarning: distutils Version classes are deprecated. Use packaging.version instead.
  if LooseVersion(joblib_version) < '0.12':
[Parallel(n_jobs=1)]: Done   1 out of   1 | elapsed:    9.6s remaining:    0.0s
/home/jsp4cu/anaconda3/envs/platform/lib/python3.7/site-packages/sklearn/utils/validation.py:179: DeprecationWarning: distutils Version classes are deprecated. Use packaging.version instead.
  if LooseVersion(joblib_version) < '0.12':
[Parallel(n_jobs=1)]: Done   2 out of   2 | elapsed:   19.2s remaining:    0.0s
/home/jsp4cu/anaconda3/envs/platform/lib/python3.7/site-packages/sklearn/utils/validation.py:179: DeprecationWarning: distutils Version classes are deprecated. Use packaging.version instead.
  if LooseVersion(joblib_version) < '0.12':
[Parallel(n_jobs=1)]: Done   3 out of   3 | elapsed:   28.7s remaining:    0.0s
[Parallel(n_jobs=1)]: Done   3 out of   3 | elapsed:   28.7s finished
[Parallel(n_jobs=1)]: Using backend SequentialBackend with 1 concurrent workers.
/home/jsp4cu/anaconda3/envs/platform/lib/python3.7/site-packages/sklearn/utils/validation.py:179: DeprecationWarning: distutils Version classes are deprecated. Use packaging.version instead.
  if LooseVersion(joblib_version) < '0.12':
[Parallel(n_jobs=1)]: Done   1 out of   1 | elapsed:   19.7s remaining:    0.0s
/home/jsp4cu/anaconda3/envs/platform/lib/python3.7/site-packages/sklearn/utils/validation.py:179: DeprecationWarning: distutils Version classes are deprecated. Use packaging.version instead.
  if LooseVersion(joblib_version) < '0.12':
[Parallel(n_jobs=1)]: Done   2 out of   2 | elapsed:   39.2s remaining:    0.0s
/home/jsp4cu/anaconda3/envs/platform/lib/python3.7/site-packages/sklearn/utils/validation.py:179: DeprecationWarning: distutils Version classes are deprecated. Use packaging.version instead.
  if LooseVersion(joblib_version) < '0.12':
[Parallel(n_jobs=1)]: Done   3 out of   3 | elapsed:   58.5s remaining:    0.0s
[Parallel(n_jobs=1)]: Done   3 out of   3 | elapsed:   58.5s finished
[Parallel(n_jobs=1)]: Using backend SequentialBackend with 1 concurrent workers.
Fitting 3 folds for each of 1 candidates, totalling 3 fits
[CV] adaboosttree__learning_rate=0.2553318693800271, adaboosttree__n_estimators=58 
[CV]  adaboosttree__learning_rate=0.2553318693800271, adaboosttree__n_estimators=58, score=0.766, total=   8.1s
[CV] adaboosttree__learning_rate=0.2553318693800271, adaboosttree__n_estimators=58 
[CV]  adaboosttree__learning_rate=0.2553318693800271, adaboosttree__n_estimators=58, score=0.763, total=   8.5s
[CV] adaboosttree__learning_rate=0.2553318693800271, adaboosttree__n_estimators=58 
[CV]  adaboosttree__learning_rate=0.2553318693800271, adaboosttree__n_estimators=58, score=0.764, total=   8.9s
Fitting 3 folds for each of 1 candidates, totalling 3 fits
[CV] adaboosttree__learning_rate=0.11300055439266765, adaboosttree__n_estimators=17 
[CV]  adaboosttree__learning_rate=0.11300055439266765, adaboosttree__n_estimators=17, score=0.684, total=   2.8s
[CV] adaboosttree__learning_rate=0.11300055439266765, adaboosttree__n_estimators=17 
[CV]  adaboosttree__learning_rate=0.11300055439266765, adaboosttree__n_estimators=17, score=0.689, total=   2.8s
[CV] adaboosttree__learning_rate=0.11300055439266765, adaboosttree__n_estimators=17 
[CV]  adaboosttree__learning_rate=0.11300055439266765, adaboosttree__n_estimators=17, score=0.684, total=   2.9s
Fitting 3 folds for each of 1 candidates, totalling 3 fits
[CV] adaboosttree__learning_rate=0.6004754640257771, adaboosttree__n_estimators=147 
[CV]  adaboosttree__learning_rate=0.6004754640257771, adaboosttree__n_estimators=147, score=0.790, total=  22.9s
[CV] adaboosttree__learning_rate=0.6004754640257771, adaboosttree__n_estimators=147 
[CV]  adaboosttree__learning_rate=0.6004754640257771, adaboosttree__n_estimators=147, score=0.796, total=  22.0s
[CV] adaboosttree__learning_rate=0.6004754640257771, adaboosttree__n_estimators=147 
[CV]  adaboosttree__learning_rate=0.6004754640257771, adaboosttree__n_estimators=147, score=0.791, total=  20.9s
Fitting 3 folds for each of 1 candidates, totalling 3 fits
[CV] adaboosttree__learning_rate=0.5416261020861771, adaboosttree__n_estimators=60 
[CV]  adaboosttree__learning_rate=0.5416261020861771, adaboosttree__n_estimators=60, score=0.773, total=   8.6s
[CV] adaboosttree__learning_rate=0.5416261020861771, adaboosttree__n_estimators=60 
[CV]  adaboosttree__learning_rate=0.5416261020861771, adaboosttree__n_estimators=60, score=0.778, total=   8.6s
[CV] adaboosttree__learning_rate=0.5416261020861771, adaboosttree__n_estimators=60 
[CV]  adaboosttree__learning_rate=0.5416261020861771, adaboosttree__n_estimators=60, score=0.772, total=   8.7s
Fitting 3 folds for each of 1 candidates, totalling 3 fits
[CV] adaboosttree__learning_rate=0.03598599048766873, adaboosttree__n_estimators=32 
[CV]  adaboosttree__learning_rate=0.03598599048766873, adaboosttree__n_estimators=32, score=0.627, total=   4.8s
[CV] adaboosttree__learning_rate=0.03598599048766873, adaboosttree__n_estimators=32 
[CV]  adaboosttree__learning_rate=0.03598599048766873, adaboosttree__n_estimators=32, score=0.628, total=   4.6s
[CV] adaboosttree__learning_rate=0.03598599048766873, adaboosttree__n_estimators=32 
[CV]  adaboosttree__learning_rate=0.03598599048766873, adaboosttree__n_estimators=32, score=0.624, total=   4.7s
Fitting 3 folds for each of 1 candidates, totalling 3 fits
[CV] adaboosttree__learning_rate=0.3095185582609284, adaboosttree__n_estimators=66 
[CV]  adaboosttree__learning_rate=0.3095185582609284, adaboosttree__n_estimators=66, score=0.768, total=   9.6s
[CV] adaboosttree__learning_rate=0.3095185582609284, adaboosttree__n_estimators=66 
[CV]  adaboosttree__learning_rate=0.3095185582609284, adaboosttree__n_estimators=66, score=0.774, total=   9.6s
[CV] adaboosttree__learning_rate=0.3095185582609284, adaboosttree__n_estimators=66 
[CV]  adaboosttree__learning_rate=0.3095185582609284, adaboosttree__n_estimators=66, score=0.765, total=   9.5s
Fitting 3 folds for each of 1 candidates, totalling 3 fits
[CV] adaboosttree__learning_rate=0.28525625395238347, adaboosttree__n_estimators=135 
[CV]  adaboosttree__learning_rate=0.28525625395238347, adaboosttree__n_estimators=135, score=0.775, total=  19.7s
[CV] adaboosttree__learning_rate=0.28525625395238347, adaboosttree__n_estimators=135 
[CV]  adaboosttree__learning_rate=0.28525625395238347, adaboosttree__n_estimators=135, score=0.778, total=  19.5s
[CV] adaboosttree__learning_rate=0.28525625395238347, adaboosttree__n_estimators=135 
[CV]  adaboosttree__learning_rate=0.28525625395238347, adaboosttree__n_estimators=135, score=0.773, total=  19.3s
Fitting 3 folds for each of 1 candidates, totalling 3 fits
[CV] adaboosttree__learning_rate=0.8689782735472613, adaboosttree__n_estimators=107 
[CV]  adaboosttree__learning_rate=0.8689782735472613, adaboosttree__n_estimators=107, score=0.787, total=  15.3s
[CV] adaboosttree__learning_rate=0.8689782735472613, adaboosttree__n_estimators=107 
[CV]  adaboosttree__learning_rate=0.8689782735472613, adaboosttree__n_estimators=107, score=0.795, total=  15.3s
[CV] adaboosttree__learning_rate=0.8689782735472613, adaboosttree__n_estimators=107 
[CV]  adaboosttree__learning_rate=0.8689782735472613, adaboosttree__n_estimators=107, score=0.795, total=  15.2s
Fitting 3 folds for each of 1 candidates, totalling 3 fits
[CV] adaboosttree__learning_rate=0.789244524084052, adaboosttree__n_estimators=39 
[CV]  adaboosttree__learning_rate=0.789244524084052, adaboosttree__n_estimators=39, score=0.778, total=   5.7s
[CV] adaboosttree__learning_rate=0.789244524084052, adaboosttree__n_estimators=39 
[CV]  adaboosttree__learning_rate=0.789244524084052, adaboosttree__n_estimators=39, score=0.777, total=   5.4s
[CV] adaboosttree__learning_rate=0.789244524084052, adaboosttree__n_estimators=39 
[CV]  adaboosttree__learning_rate=0.789244524084052, adaboosttree__n_estimators=39, score=0.770, total=   5.4s
Fitting 3 folds for each of 1 candidates, totalling 3 fits
[CV] adaboosttree__learning_rate=0.69088762553499, adaboosttree__n_estimators=30 
[CV]  adaboosttree__learning_rate=0.69088762553499, adaboosttree__n_estimators=30, score=0.762, total=   4.1s
[CV] adaboosttree__learning_rate=0.69088762553499, adaboosttree__n_estimators=30 
[CV]  adaboosttree__learning_rate=0.69088762553499, adaboosttree__n_estimators=30, score=0.768, total=   4.1s
[CV] adaboosttree__learning_rate=0.69088762553499, adaboosttree__n_estimators=30 
[CV]  adaboosttree__learning_rate=0.69088762553499, adaboosttree__n_estimators=30, score=0.771, total=   4.1s
Fitting 3 folds for each of 1 candidates, totalling 3 fits
[CV] adaboosttree__learning_rate=1.0, adaboosttree__n_estimators=150 .
[CV]  adaboosttree__learning_rate=1.0, adaboosttree__n_estimators=150, score=0.792, total=  19.7s
[CV] adaboosttree__learning_rate=1.0, adaboosttree__n_estimators=150 .
[CV]  adaboosttree__learning_rate=1.0, adaboosttree__n_estimators=150, score=0.796, total=  18.9s
[CV] adaboosttree__learning_rate=1.0, adaboosttree__n_estimators=150 .
[CV]  adaboosttree__learning_rate=1.0, adaboosttree__n_estimators=150, score=0.793, total=  19.1s
Fitting 3 folds for each of 1 candidates, totalling 3 fits
[CV] adaboosttree__learning_rate=0.811464015952663, adaboosttree__n_estimators=150 
[CV]  adaboosttree__learning_rate=0.811464015952663, adaboosttree__n_estimators=150, score=0.792, total=  19.1s
[CV] adaboosttree__learning_rate=0.811464015952663, adaboosttree__n_estimators=150 
[CV]  adaboosttree__learning_rate=0.811464015952663, adaboosttree__n_estimators=150, score=0.797, total=  18.9s
[CV] adaboosttree__learning_rate=0.811464015952663, adaboosttree__n_estimators=150 
[CV]  adaboosttree__learning_rate=0.811464015952663, adaboosttree__n_estimators=150, score=0.792, total=  18.9s
Fitting 3 folds for each of 1 candidates, totalling 3 fits
[CV] adaboosttree__learning_rate=0.9188340571407791, adaboosttree__n_estimators=150 
[CV]  adaboosttree__learning_rate=0.9188340571407791, adaboosttree__n_estimators=150, score=0.794, total=  18.7s
[CV] adaboosttree__learning_rate=0.9188340571407791, adaboosttree__n_estimators=150 
[CV]  adaboosttree__learning_rate=0.9188340571407791, adaboosttree__n_estimators=150, score=0.799, total=  18.7s
/home/jsp4cu/anaconda3/envs/platform/lib/python3.7/site-packages/sklearn/utils/validation.py:179: DeprecationWarning: distutils Version classes are deprecated. Use packaging.version instead.
  if LooseVersion(joblib_version) < '0.12':
[Parallel(n_jobs=1)]: Done   1 out of   1 | elapsed:   15.3s remaining:    0.0s
/home/jsp4cu/anaconda3/envs/platform/lib/python3.7/site-packages/sklearn/utils/validation.py:179: DeprecationWarning: distutils Version classes are deprecated. Use packaging.version instead.
  if LooseVersion(joblib_version) < '0.12':
[Parallel(n_jobs=1)]: Done   2 out of   2 | elapsed:   30.7s remaining:    0.0s
/home/jsp4cu/anaconda3/envs/platform/lib/python3.7/site-packages/sklearn/utils/validation.py:179: DeprecationWarning: distutils Version classes are deprecated. Use packaging.version instead.
  if LooseVersion(joblib_version) < '0.12':
[Parallel(n_jobs=1)]: Done   3 out of   3 | elapsed:   45.9s remaining:    0.0s
[Parallel(n_jobs=1)]: Done   3 out of   3 | elapsed:   45.9s finished
[Parallel(n_jobs=1)]: Using backend SequentialBackend with 1 concurrent workers.
/home/jsp4cu/anaconda3/envs/platform/lib/python3.7/site-packages/sklearn/utils/validation.py:179: DeprecationWarning: distutils Version classes are deprecated. Use packaging.version instead.
  if LooseVersion(joblib_version) < '0.12':
[Parallel(n_jobs=1)]: Done   1 out of   1 | elapsed:    5.7s remaining:    0.0s
/home/jsp4cu/anaconda3/envs/platform/lib/python3.7/site-packages/sklearn/utils/validation.py:179: DeprecationWarning: distutils Version classes are deprecated. Use packaging.version instead.
  if LooseVersion(joblib_version) < '0.12':
[Parallel(n_jobs=1)]: Done   2 out of   2 | elapsed:   11.1s remaining:    0.0s
/home/jsp4cu/anaconda3/envs/platform/lib/python3.7/site-packages/sklearn/utils/validation.py:179: DeprecationWarning: distutils Version classes are deprecated. Use packaging.version instead.
  if LooseVersion(joblib_version) < '0.12':
[Parallel(n_jobs=1)]: Done   3 out of   3 | elapsed:   16.5s remaining:    0.0s
[Parallel(n_jobs=1)]: Done   3 out of   3 | elapsed:   16.5s finished
[Parallel(n_jobs=1)]: Using backend SequentialBackend with 1 concurrent workers.
/home/jsp4cu/anaconda3/envs/platform/lib/python3.7/site-packages/sklearn/utils/validation.py:179: DeprecationWarning: distutils Version classes are deprecated. Use packaging.version instead.
  if LooseVersion(joblib_version) < '0.12':
[Parallel(n_jobs=1)]: Done   1 out of   1 | elapsed:    4.1s remaining:    0.0s
/home/jsp4cu/anaconda3/envs/platform/lib/python3.7/site-packages/sklearn/utils/validation.py:179: DeprecationWarning: distutils Version classes are deprecated. Use packaging.version instead.
  if LooseVersion(joblib_version) < '0.12':
[Parallel(n_jobs=1)]: Done   2 out of   2 | elapsed:    8.2s remaining:    0.0s
/home/jsp4cu/anaconda3/envs/platform/lib/python3.7/site-packages/sklearn/utils/validation.py:179: DeprecationWarning: distutils Version classes are deprecated. Use packaging.version instead.
  if LooseVersion(joblib_version) < '0.12':
[Parallel(n_jobs=1)]: Done   3 out of   3 | elapsed:   12.3s remaining:    0.0s
[Parallel(n_jobs=1)]: Done   3 out of   3 | elapsed:   12.3s finished
[Parallel(n_jobs=1)]: Using backend SequentialBackend with 1 concurrent workers.
/home/jsp4cu/anaconda3/envs/platform/lib/python3.7/site-packages/sklearn/utils/validation.py:179: DeprecationWarning: distutils Version classes are deprecated. Use packaging.version instead.
  if LooseVersion(joblib_version) < '0.12':
[Parallel(n_jobs=1)]: Done   1 out of   1 | elapsed:   19.7s remaining:    0.0s
/home/jsp4cu/anaconda3/envs/platform/lib/python3.7/site-packages/sklearn/utils/validation.py:179: DeprecationWarning: distutils Version classes are deprecated. Use packaging.version instead.
  if LooseVersion(joblib_version) < '0.12':
[Parallel(n_jobs=1)]: Done   2 out of   2 | elapsed:   38.5s remaining:    0.0s
/home/jsp4cu/anaconda3/envs/platform/lib/python3.7/site-packages/sklearn/utils/validation.py:179: DeprecationWarning: distutils Version classes are deprecated. Use packaging.version instead.
  if LooseVersion(joblib_version) < '0.12':
[Parallel(n_jobs=1)]: Done   3 out of   3 | elapsed:   57.7s remaining:    0.0s
[Parallel(n_jobs=1)]: Done   3 out of   3 | elapsed:   57.7s finished
[Parallel(n_jobs=1)]: Using backend SequentialBackend with 1 concurrent workers.
/home/jsp4cu/anaconda3/envs/platform/lib/python3.7/site-packages/sklearn/utils/validation.py:179: DeprecationWarning: distutils Version classes are deprecated. Use packaging.version instead.
  if LooseVersion(joblib_version) < '0.12':
[Parallel(n_jobs=1)]: Done   1 out of   1 | elapsed:   19.1s remaining:    0.0s
/home/jsp4cu/anaconda3/envs/platform/lib/python3.7/site-packages/sklearn/utils/validation.py:179: DeprecationWarning: distutils Version classes are deprecated. Use packaging.version instead.
  if LooseVersion(joblib_version) < '0.12':
[Parallel(n_jobs=1)]: Done   2 out of   2 | elapsed:   38.0s remaining:    0.0s
/home/jsp4cu/anaconda3/envs/platform/lib/python3.7/site-packages/sklearn/utils/validation.py:179: DeprecationWarning: distutils Version classes are deprecated. Use packaging.version instead.
  if LooseVersion(joblib_version) < '0.12':
[Parallel(n_jobs=1)]: Done   3 out of   3 | elapsed:   56.9s remaining:    0.0s
[Parallel(n_jobs=1)]: Done   3 out of   3 | elapsed:   56.9s finished
[Parallel(n_jobs=1)]: Using backend SequentialBackend with 1 concurrent workers.
/home/jsp4cu/anaconda3/envs/platform/lib/python3.7/site-packages/sklearn/utils/validation.py:179: DeprecationWarning: distutils Version classes are deprecated. Use packaging.version instead.
  if LooseVersion(joblib_version) < '0.12':
[Parallel(n_jobs=1)]: Done   1 out of   1 | elapsed:   18.7s remaining:    0.0s
/home/jsp4cu/anaconda3/envs/platform/lib/python3.7/site-packages/sklearn/utils/validation.py:179: DeprecationWarning: distutils Version classes are deprecated. Use packaging.version instead.
  if LooseVersion(joblib_version) < '0.12':
[Parallel(n_jobs=1)]: Done   2 out of   2 | elapsed:   37.4s remaining:    0.0s
/home/jsp4cu/anaconda3/envs/platform/lib/python3.7/site-packages/sklearn/utils/validation.py:179: DeprecationWarning: distutils Version classes are deprecated. Use packaging.version instead.
  if LooseVersion(joblib_version) < '0.12':
[Parallel(n_jobs=1)]: Done   3 out of   3 | elapsed:   56.3s remaining:    0.0s
[Parallel(n_jobs=1)]: Done   3 out of   3 | elapsed:   56.3s finished
[Parallel(n_jobs=1)]: Using backend SequentialBackend with 1 concurrent workers.
/home/jsp4cu/anaconda3/envs/platform/lib/python3.7/site-packages/sklearn/utils/validation.py:179: DeprecationWarning: distutils Version classes are deprecated. Use packaging.version instead.
  if LooseVersion(joblib_version) < '0.12':
[Parallel(n_jobs=1)]: Done   1 out of   1 | elapsed:    0.7s remaining:    0.0s
/home/jsp4cu/anaconda3/envs/platform/lib/python3.7/site-packages/sklearn/utils/validation.py:179: DeprecationWarning: distutils Version classes are deprecated. Use packaging.version instead.
  if LooseVersion(joblib_version) < '0.12':
[Parallel(n_jobs=1)]: Done   2 out of   2 | elapsed:    1.4s remaining:    0.0s
/home/jsp4cu/anaconda3/envs/platform/lib/python3.7/site-packages/sklearn/utils/validation.py:179: DeprecationWarning: distutils Version classes are deprecated. Use packaging.version instead.
  if LooseVersion(joblib_version) < '0.12':
[Parallel(n_jobs=1)]: Done   3 out of   3 | elapsed:    2.1s remaining:    0.0s
[Parallel(n_jobs=1)]: Done   3 out of   3 | elapsed:    2.1s finished
[Parallel(n_jobs=1)]: Using backend SequentialBackend with 1 concurrent workers.
/home/jsp4cu/anaconda3/envs/platform/lib/python3.7/site-packages/sklearn/utils/validation.py:179: DeprecationWarning: distutils Version classes are deprecated. Use packaging.version instead.
  if LooseVersion(joblib_version) < '0.12':
[Parallel(n_jobs=1)]: Done   1 out of   1 | elapsed:   19.0s remaining:    0.0s
/home/jsp4cu/anaconda3/envs/platform/lib/python3.7/site-packages/sklearn/utils/validation.py:179: DeprecationWarning: distutils Version classes are deprecated. Use packaging.version instead.
  if LooseVersion(joblib_version) < '0.12':
[Parallel(n_jobs=1)]: Done   2 out of   2 | elapsed:   37.8s remaining:    0.0s
/home/jsp4cu/anaconda3/envs/platform/lib/python3.7/site-packages/sklearn/utils/validation.py:179: DeprecationWarning: distutils Version classes are deprecated. Use packaging.version instead.
  if LooseVersion(joblib_version) < '0.12':
[Parallel(n_jobs=1)]: Done   3 out of   3 | elapsed:   56.5s remaining:    0.0s
[Parallel(n_jobs=1)]: Done   3 out of   3 | elapsed:   56.5s finished
[Parallel(n_jobs=1)]: Using backend SequentialBackend with 1 concurrent workers.
/home/jsp4cu/anaconda3/envs/platform/lib/python3.7/site-packages/sklearn/utils/validation.py:179: DeprecationWarning: distutils Version classes are deprecated. Use packaging.version instead.
  if LooseVersion(joblib_version) < '0.12':
[Parallel(n_jobs=1)]: Done   1 out of   1 | elapsed:   13.8s remaining:    0.0s
/home/jsp4cu/anaconda3/envs/platform/lib/python3.7/site-packages/sklearn/utils/validation.py:179: DeprecationWarning: distutils Version classes are deprecated. Use packaging.version instead.
  if LooseVersion(joblib_version) < '0.12':
[Parallel(n_jobs=1)]: Done   2 out of   2 | elapsed:   27.6s remaining:    0.0s
/home/jsp4cu/anaconda3/envs/platform/lib/python3.7/site-packages/sklearn/utils/validation.py:179: DeprecationWarning: distutils Version classes are deprecated. Use packaging.version instead.
  if LooseVersion(joblib_version) < '0.12':
[Parallel(n_jobs=1)]: Done   3 out of   3 | elapsed:   41.4s remaining:    0.0s
[Parallel(n_jobs=1)]: Done   3 out of   3 | elapsed:   41.4s finished
[Parallel(n_jobs=1)]: Using backend SequentialBackend with 1 concurrent workers.
/home/jsp4cu/anaconda3/envs/platform/lib/python3.7/site-packages/sklearn/utils/validation.py:179: DeprecationWarning: distutils Version classes are deprecated. Use packaging.version instead.
  if LooseVersion(joblib_version) < '0.12':
[Parallel(n_jobs=1)]: Done   1 out of   1 | elapsed:    0.6s remaining:    0.0s
/home/jsp4cu/anaconda3/envs/platform/lib/python3.7/site-packages/sklearn/utils/validation.py:179: DeprecationWarning: distutils Version classes are deprecated. Use packaging.version instead.
  if LooseVersion(joblib_version) < '0.12':
[Parallel(n_jobs=1)]: Done   2 out of   2 | elapsed:    1.3s remaining:    0.0s
/home/jsp4cu/anaconda3/envs/platform/lib/python3.7/site-packages/sklearn/utils/validation.py:179: DeprecationWarning: distutils Version classes are deprecated. Use packaging.version instead.
  if LooseVersion(joblib_version) < '0.12':
[Parallel(n_jobs=1)]: Done   3 out of   3 | elapsed:    1.9s remaining:    0.0s
[Parallel(n_jobs=1)]: Done   3 out of   3 | elapsed:    1.9s finished
[Parallel(n_jobs=1)]: Using backend SequentialBackend with 1 concurrent workers.
/home/jsp4cu/anaconda3/envs/platform/lib/python3.7/site-packages/sklearn/utils/validation.py:179: DeprecationWarning: distutils Version classes are deprecated. Use packaging.version instead.
  if LooseVersion(joblib_version) < '0.12':
[Parallel(n_jobs=1)]: Done   1 out of   1 | elapsed:    8.8s remaining:    0.0s
/home/jsp4cu/anaconda3/envs/platform/lib/python3.7/site-packages/sklearn/utils/validation.py:179: DeprecationWarning: distutils Version classes are deprecated. Use packaging.version instead.
  if LooseVersion(joblib_version) < '0.12':
[Parallel(n_jobs=1)]: Done   2 out of   2 | elapsed:   17.6s remaining:    0.0s
/home/jsp4cu/anaconda3/envs/platform/lib/python3.7/site-packages/sklearn/utils/validation.py:179: DeprecationWarning: distutils Version classes are deprecated. Use packaging.version instead.
  if LooseVersion(joblib_version) < '0.12':
[Parallel(n_jobs=1)]: Done   3 out of   3 | elapsed:   26.4s remaining:    0.0s
[Parallel(n_jobs=1)]: Done   3 out of   3 | elapsed:   26.4s finished
[Parallel(n_jobs=1)]: Using backend SequentialBackend with 1 concurrent workers.
/home/jsp4cu/anaconda3/envs/platform/lib/python3.7/site-packages/sklearn/utils/validation.py:179: DeprecationWarning: distutils Version classes are deprecated. Use packaging.version instead.
  if LooseVersion(joblib_version) < '0.12':
[Parallel(n_jobs=1)]: Done   1 out of   1 | elapsed:    9.1s remaining:    0.0s
/home/jsp4cu/anaconda3/envs/platform/lib/python3.7/site-packages/sklearn/utils/validation.py:179: DeprecationWarning: distutils Version classes are deprecated. Use packaging.version instead.
  if LooseVersion(joblib_version) < '0.12':
[Parallel(n_jobs=1)]: Done   2 out of   2 | elapsed:   18.2s remaining:    0.0s
/home/jsp4cu/anaconda3/envs/platform/lib/python3.7/site-packages/sklearn/utils/validation.py:179: DeprecationWarning: distutils Version classes are deprecated. Use packaging.version instead.
  if LooseVersion(joblib_version) < '0.12':
[Parallel(n_jobs=1)]: Done   3 out of   3 | elapsed:   27.1s remaining:    0.0s
[Parallel(n_jobs=1)]: Done   3 out of   3 | elapsed:   27.1s finished
[Parallel(n_jobs=1)]: Using backend SequentialBackend with 1 concurrent workers.
/home/jsp4cu/anaconda3/envs/platform/lib/python3.7/site-packages/sklearn/utils/validation.py:179: DeprecationWarning: distutils Version classes are deprecated. Use packaging.version instead.
  if LooseVersion(joblib_version) < '0.12':
[Parallel(n_jobs=1)]: Done   1 out of   1 | elapsed:    8.1s remaining:    0.0s
/home/jsp4cu/anaconda3/envs/platform/lib/python3.7/site-packages/sklearn/utils/validation.py:179: DeprecationWarning: distutils Version classes are deprecated. Use packaging.version instead.
  if LooseVersion(joblib_version) < '0.12':
[Parallel(n_jobs=1)]: Done   2 out of   2 | elapsed:   16.3s remaining:    0.0s
/home/jsp4cu/anaconda3/envs/platform/lib/python3.7/site-packages/sklearn/utils/validation.py:179: DeprecationWarning: distutils Version classes are deprecated. Use packaging.version instead.
  if LooseVersion(joblib_version) < '0.12':
[Parallel(n_jobs=1)]: Done   3 out of   3 | elapsed:   24.4s remaining:    0.0s
[Parallel(n_jobs=1)]: Done   3 out of   3 | elapsed:   24.4s finished
[Parallel(n_jobs=1)]: Using backend SequentialBackend with 1 concurrent workers.
/home/jsp4cu/anaconda3/envs/platform/lib/python3.7/site-packages/sklearn/utils/validation.py:179: DeprecationWarning: distutils Version classes are deprecated. Use packaging.version instead.
  if LooseVersion(joblib_version) < '0.12':
[Parallel(n_jobs=1)]: Done   1 out of   1 | elapsed:   13.9s remaining:    0.0s
/home/jsp4cu/anaconda3/envs/platform/lib/python3.7/site-packages/sklearn/utils/validation.py:179: DeprecationWarning: distutils Version classes are deprecated. Use packaging.version instead.
  if LooseVersion(joblib_version) < '0.12':
[Parallel(n_jobs=1)]: Done   2 out of   2 | elapsed:   27.8s remaining:    0.0s
/home/jsp4cu/anaconda3/envs/platform/lib/python3.7/site-packages/sklearn/utils/validation.py:179: DeprecationWarning: distutils Version classes are deprecated. Use packaging.version instead.
  if LooseVersion(joblib_version) < '0.12':
[Parallel(n_jobs=1)]: Done   3 out of   3 | elapsed:   41.7s remaining:    0.0s
[Parallel(n_jobs=1)]: Done   3 out of   3 | elapsed:   41.7s finished
[Parallel(n_jobs=1)]: Using backend SequentialBackend with 1 concurrent workers.
/home/jsp4cu/anaconda3/envs/platform/lib/python3.7/site-packages/sklearn/utils/validation.py:179: DeprecationWarning: distutils Version classes are deprecated. Use packaging.version instead.
  if LooseVersion(joblib_version) < '0.12':
[Parallel(n_jobs=1)]: Done   1 out of   1 | elapsed:   17.5s remaining:    0.0s
/home/jsp4cu/anaconda3/envs/platform/lib/python3.7/site-packages/sklearn/utils/validation.py:179: DeprecationWarning: distutils Version classes are deprecated. Use packaging.version instead.
  if LooseVersion(joblib_version) < '0.12':
[Parallel(n_jobs=1)]: Done   2 out of   2 | elapsed:   35.1s remaining:    0.0s
/home/jsp4cu/anaconda3/envs/platform/lib/python3.7/site-packages/sklearn/utils/validation.py:179: DeprecationWarning: distutils Version classes are deprecated. Use packaging.version instead.
  if LooseVersion(joblib_version) < '0.12':
[Parallel(n_jobs=1)]: Done   3 out of   3 | elapsed:   52.6s remaining:    0.0s
[Parallel(n_jobs=1)]: Done   3 out of   3 | elapsed:   52.6s finished
[Parallel(n_jobs=1)]: Using backend SequentialBackend with 1 concurrent workers.
/home/jsp4cu/anaconda3/envs/platform/lib/python3.7/site-packages/sklearn/utils/validation.py:179: DeprecationWarning: distutils Version classes are deprecated. Use packaging.version instead.
  if LooseVersion(joblib_version) < '0.12':
[Parallel(n_jobs=1)]: Done   1 out of   1 | elapsed:   12.1s remaining:    0.0s
/home/jsp4cu/anaconda3/envs/platform/lib/python3.7/site-packages/sklearn/utils/validation.py:179: DeprecationWarning: distutils Version classes are deprecated. Use packaging.version instead.
  if LooseVersion(joblib_version) < '0.12':
[Parallel(n_jobs=1)]: Done   2 out of   2 | elapsed:   24.2s remaining:    0.0s
/home/jsp4cu/anaconda3/envs/platform/lib/python3.7/site-packages/sklearn/utils/validation.py:179: DeprecationWarning: distutils Version classes are deprecated. Use packaging.version instead.
  if LooseVersion(joblib_version) < '0.12':
[Parallel(n_jobs=1)]: Done   3 out of   3 | elapsed:   36.5s remaining:    0.0s
[Parallel(n_jobs=1)]: Done   3 out of   3 | elapsed:   36.5s finished
[Parallel(n_jobs=1)]: Using backend SequentialBackend with 1 concurrent workers.
/home/jsp4cu/anaconda3/envs/platform/lib/python3.7/site-packages/sklearn/utils/validation.py:179: DeprecationWarning: distutils Version classes are deprecated. Use packaging.version instead.
  if LooseVersion(joblib_version) < '0.12':
[Parallel(n_jobs=1)]: Done   1 out of   1 | elapsed:    8.6s remaining:    0.0s
/home/jsp4cu/anaconda3/envs/platform/lib/python3.7/site-packages/sklearn/utils/validation.py:179: DeprecationWarning: distutils Version classes are deprecated. Use packaging.version instead.
  if LooseVersion(joblib_version) < '0.12':
[Parallel(n_jobs=1)]: Done   2 out of   2 | elapsed:   17.3s remaining:    0.0s
/home/jsp4cu/anaconda3/envs/platform/lib/python3.7/site-packages/sklearn/utils/validation.py:179: DeprecationWarning: distutils Version classes are deprecated. Use packaging.version instead.
  if LooseVersion(joblib_version) < '0.12':
[Parallel(n_jobs=1)]: Done   3 out of   3 | elapsed:   25.9s remaining:    0.0s
[Parallel(n_jobs=1)]: Done   3 out of   3 | elapsed:   25.9s finished
[Parallel(n_jobs=1)]: Using backend SequentialBackend with 1 concurrent workers.
/home/jsp4cu/anaconda3/envs/platform/lib/python3.7/site-packages/sklearn/utils/validation.py:179: DeprecationWarning: distutils Version classes are deprecated. Use packaging.version instead.
  if LooseVersion(joblib_version) < '0.12':
[Parallel(n_jobs=1)]: Done   1 out of   1 | elapsed:   12.9s remaining:    0.0s
/home/jsp4cu/anaconda3/envs/platform/lib/python3.7/site-packages/sklearn/utils/validation.py:179: DeprecationWarning: distutils Version classes are deprecated. Use packaging.version instead.
  if LooseVersion(joblib_version) < '0.12':
[Parallel(n_jobs=1)]: Done   2 out of   2 | elapsed:   25.9s remaining:    0.0s
/home/jsp4cu/anaconda3/envs/platform/lib/python3.7/site-packages/sklearn/utils/validation.py:179: DeprecationWarning: distutils Version classes are deprecated. Use packaging.version instead.
  if LooseVersion(joblib_version) < '0.12':
[Parallel(n_jobs=1)]: Done   3 out of   3 | elapsed:   38.7s remaining:    0.0s
[Parallel(n_jobs=1)]: Done   3 out of   3 | elapsed:   38.7s finished
/home/jsp4cu/anaconda3/envs/platform/lib/python3.7/site-packages/sklearn/utils/validation.py:179: DeprecationWarning: distutils Version classes are deprecated. Use packaging.version instead.
  if LooseVersion(joblib_version) < '0.12':
The best score: 0.7951333333333334
The best parameters: OrderedDict([('adaboosttree__learning_rate', 1.0), ('adaboosttree__n_estimators', 120)])
The process took time: 0:14:41.783085
[CV] adaboosttree__learning_rate=0.9188340571407791, adaboosttree__n_estimators=150 
[CV]  adaboosttree__learning_rate=0.9188340571407791, adaboosttree__n_estimators=150, score=0.793, total=  18.9s
Fitting 3 folds for each of 1 candidates, totalling 3 fits
[CV] adaboosttree__learning_rate=1.0, adaboosttree__n_estimators=5 ...
[CV]  adaboosttree__learning_rate=1.0, adaboosttree__n_estimators=5, score=0.697, total=   0.7s
[CV] adaboosttree__learning_rate=1.0, adaboosttree__n_estimators=5 ...
[CV]  adaboosttree__learning_rate=1.0, adaboosttree__n_estimators=5, score=0.706, total=   0.7s
[CV] adaboosttree__learning_rate=1.0, adaboosttree__n_estimators=5 ...
[CV]  adaboosttree__learning_rate=1.0, adaboosttree__n_estimators=5, score=0.697, total=   0.7s
Fitting 3 folds for each of 1 candidates, totalling 3 fits
[CV] adaboosttree__learning_rate=0.4564154254863817, adaboosttree__n_estimators=150 
[CV]  adaboosttree__learning_rate=0.4564154254863817, adaboosttree__n_estimators=150, score=0.785, total=  19.0s
[CV] adaboosttree__learning_rate=0.4564154254863817, adaboosttree__n_estimators=150 
[CV]  adaboosttree__learning_rate=0.4564154254863817, adaboosttree__n_estimators=150, score=0.787, total=  18.9s
[CV] adaboosttree__learning_rate=0.4564154254863817, adaboosttree__n_estimators=150 
[CV]  adaboosttree__learning_rate=0.4564154254863817, adaboosttree__n_estimators=150, score=0.783, total=  18.7s
Fitting 3 folds for each of 1 candidates, totalling 3 fits
[CV] adaboosttree__learning_rate=0.7203015337136226, adaboosttree__n_estimators=117 
[CV]  adaboosttree__learning_rate=0.7203015337136226, adaboosttree__n_estimators=117, score=0.789, total=  13.8s
[CV] adaboosttree__learning_rate=0.7203015337136226, adaboosttree__n_estimators=117 
[CV]  adaboosttree__learning_rate=0.7203015337136226, adaboosttree__n_estimators=117, score=0.799, total=  13.8s
[CV] adaboosttree__learning_rate=0.7203015337136226, adaboosttree__n_estimators=117 
[CV]  adaboosttree__learning_rate=0.7203015337136226, adaboosttree__n_estimators=117, score=0.790, total=  13.8s
Fitting 3 folds for each of 1 candidates, totalling 3 fits
[CV] adaboosttree__learning_rate=0.39729808096342206, adaboosttree__n_estimators=5 
[CV]  adaboosttree__learning_rate=0.39729808096342206, adaboosttree__n_estimators=5, score=0.633, total=   0.6s
[CV] adaboosttree__learning_rate=0.39729808096342206, adaboosttree__n_estimators=5 
[CV]  adaboosttree__learning_rate=0.39729808096342206, adaboosttree__n_estimators=5, score=0.635, total=   0.6s
[CV] adaboosttree__learning_rate=0.39729808096342206, adaboosttree__n_estimators=5 
[CV]  adaboosttree__learning_rate=0.39729808096342206, adaboosttree__n_estimators=5, score=0.577, total=   0.6s
Fitting 3 folds for each of 1 candidates, totalling 3 fits
[CV] adaboosttree__learning_rate=1.0, adaboosttree__n_estimators=74 ..
[CV]  adaboosttree__learning_rate=1.0, adaboosttree__n_estimators=74, score=0.789, total=   8.8s
[CV] adaboosttree__learning_rate=1.0, adaboosttree__n_estimators=74 ..
[CV]  adaboosttree__learning_rate=1.0, adaboosttree__n_estimators=74, score=0.793, total=   8.8s
[CV] adaboosttree__learning_rate=1.0, adaboosttree__n_estimators=74 ..
[CV]  adaboosttree__learning_rate=1.0, adaboosttree__n_estimators=74, score=0.794, total=   8.8s
Fitting 3 folds for each of 1 candidates, totalling 3 fits
[CV] adaboosttree__learning_rate=1.0, adaboosttree__n_estimators=77 ..
[CV]  adaboosttree__learning_rate=1.0, adaboosttree__n_estimators=77, score=0.790, total=   9.1s
[CV] adaboosttree__learning_rate=1.0, adaboosttree__n_estimators=77 ..
[CV]  adaboosttree__learning_rate=1.0, adaboosttree__n_estimators=77, score=0.793, total=   9.1s
[CV] adaboosttree__learning_rate=1.0, adaboosttree__n_estimators=77 ..
[CV]  adaboosttree__learning_rate=1.0, adaboosttree__n_estimators=77, score=0.794, total=   8.9s
Fitting 3 folds for each of 1 candidates, totalling 3 fits
[CV] adaboosttree__learning_rate=1.0, adaboosttree__n_estimators=70 ..
[CV]  adaboosttree__learning_rate=1.0, adaboosttree__n_estimators=70, score=0.788, total=   8.1s
[CV] adaboosttree__learning_rate=1.0, adaboosttree__n_estimators=70 ..
[CV]  adaboosttree__learning_rate=1.0, adaboosttree__n_estimators=70, score=0.791, total=   8.2s
[CV] adaboosttree__learning_rate=1.0, adaboosttree__n_estimators=70 ..
[CV]  adaboosttree__learning_rate=1.0, adaboosttree__n_estimators=70, score=0.793, total=   8.1s
Fitting 3 folds for each of 1 candidates, totalling 3 fits
[CV] adaboosttree__learning_rate=1.0, adaboosttree__n_estimators=120 .
[CV]  adaboosttree__learning_rate=1.0, adaboosttree__n_estimators=120, score=0.790, total=  13.9s
[CV] adaboosttree__learning_rate=1.0, adaboosttree__n_estimators=120 .
[CV]  adaboosttree__learning_rate=1.0, adaboosttree__n_estimators=120, score=0.798, total=  13.9s
[CV] adaboosttree__learning_rate=1.0, adaboosttree__n_estimators=120 .
[CV]  adaboosttree__learning_rate=1.0, adaboosttree__n_estimators=120, score=0.797, total=  13.9s
Fitting 3 folds for each of 1 candidates, totalling 3 fits
[CV] adaboosttree__learning_rate=2e-12, adaboosttree__n_estimators=150 
[CV]  adaboosttree__learning_rate=2e-12, adaboosttree__n_estimators=150, score=0.488, total=  17.5s
[CV] adaboosttree__learning_rate=2e-12, adaboosttree__n_estimators=150 
[CV]  adaboosttree__learning_rate=2e-12, adaboosttree__n_estimators=150, score=0.488, total=  17.6s
[CV] adaboosttree__learning_rate=2e-12, adaboosttree__n_estimators=150 
[CV]  adaboosttree__learning_rate=2e-12, adaboosttree__n_estimators=150, score=0.486, total=  17.5s
Fitting 3 folds for each of 1 candidates, totalling 3 fits
[CV] adaboosttree__learning_rate=0.5672547517798991, adaboosttree__n_estimators=104 
[CV]  adaboosttree__learning_rate=0.5672547517798991, adaboosttree__n_estimators=104, score=0.783, total=  12.1s
[CV] adaboosttree__learning_rate=0.5672547517798991, adaboosttree__n_estimators=104 
[CV]  adaboosttree__learning_rate=0.5672547517798991, adaboosttree__n_estimators=104, score=0.790, total=  12.1s
[CV] adaboosttree__learning_rate=0.5672547517798991, adaboosttree__n_estimators=104 
[CV]  adaboosttree__learning_rate=0.5672547517798991, adaboosttree__n_estimators=104, score=0.783, total=  12.3s
Fitting 3 folds for each of 1 candidates, totalling 3 fits
[CV] adaboosttree__learning_rate=0.6961230613140579, adaboosttree__n_estimators=74 
[CV]  adaboosttree__learning_rate=0.6961230613140579, adaboosttree__n_estimators=74, score=0.785, total=   8.6s
[CV] adaboosttree__learning_rate=0.6961230613140579, adaboosttree__n_estimators=74 
[CV]  adaboosttree__learning_rate=0.6961230613140579, adaboosttree__n_estimators=74, score=0.790, total=   8.6s
[CV] adaboosttree__learning_rate=0.6961230613140579, adaboosttree__n_estimators=74 
[CV]  adaboosttree__learning_rate=0.6961230613140579, adaboosttree__n_estimators=74, score=0.784, total=   8.6s
Fitting 3 folds for each of 1 candidates, totalling 3 fits
[CV] adaboosttree__learning_rate=0.3743191654585907, adaboosttree__n_estimators=111 
[CV]  adaboosttree__learning_rate=0.3743191654585907, adaboosttree__n_estimators=111, score=0.775, total=  12.9s
[CV] adaboosttree__learning_rate=0.3743191654585907, adaboosttree__n_estimators=111 
[CV]  adaboosttree__learning_rate=0.3743191654585907, adaboosttree__n_estimators=111, score=0.779, total=  12.9s
[CV] adaboosttree__learning_rate=0.3743191654585907, adaboosttree__n_estimators=111 
[CV]  adaboosttree__learning_rate=0.3743191654585907, adaboosttree__n_estimators=111, score=0.775, total=  12.9s
